Traceback (most recent call last):
  File "/opt/hostedtoolcache/Python/3.10.14/x64/lib/python3.10/site-packages/jupyter_cache/executors/utils.py", line 58, in single_nb_execution
    executenb(
  File "/opt/hostedtoolcache/Python/3.10.14/x64/lib/python3.10/site-packages/nbclient/client.py", line 1305, in execute
    return NotebookClient(nb=nb, resources=resources, km=km, **kwargs).execute()
  File "/opt/hostedtoolcache/Python/3.10.14/x64/lib/python3.10/site-packages/jupyter_core/utils/__init__.py", line 165, in wrapped
    return loop.run_until_complete(inner)
  File "/opt/hostedtoolcache/Python/3.10.14/x64/lib/python3.10/asyncio/base_events.py", line 649, in run_until_complete
    return future.result()
  File "/opt/hostedtoolcache/Python/3.10.14/x64/lib/python3.10/site-packages/nbclient/client.py", line 705, in async_execute
    await self.async_execute_cell(
  File "/opt/hostedtoolcache/Python/3.10.14/x64/lib/python3.10/site-packages/nbclient/client.py", line 1058, in async_execute_cell
    await self._check_raise_for_error(cell, cell_index, exec_reply)
  File "/opt/hostedtoolcache/Python/3.10.14/x64/lib/python3.10/site-packages/nbclient/client.py", line 914, in _check_raise_for_error
    raise CellExecutionError.from_cell_and_msg(cell, exec_reply_content)
nbclient.exceptions.CellExecutionError: An error occurred while executing the following cell:
------------------
#First, we will import the FOM model.
#Here, we will just use the advection diffusion FOM we setup in the external model tutorial 

from ipynb.fs.full.external_qoi_model import adrExternalRomToolsQoiModel
myFom = adrExternalRomToolsQoiModel()

# Now, let's setup our parameter space. We will use the parameter space we constructed in the parameter_space
from ipynb.fs.full.parameter_space import BasicParameterSpace
myParameterSpace = BasicParameterSpace()

------------------


[0;31m---------------------------------------------------------------------------[0m
[0;31mModuleNotFoundError[0m                       Traceback (most recent call last)
Cell [0;32mIn[2], line 4[0m
[1;32m      1[0m [38;5;66;03m#First, we will import the FOM model.[39;00m
[1;32m      2[0m [38;5;66;03m#Here, we will just use the advection diffusion FOM we setup in the external model tutorial [39;00m
[0;32m----> 4[0m [38;5;28;01mfrom[39;00m [38;5;21;01mipynb[39;00m[38;5;21;01m.[39;00m[38;5;21;01mfs[39;00m[38;5;21;01m.[39;00m[38;5;21;01mfull[39;00m[38;5;21;01m.[39;00m[38;5;21;01mexternal_qoi_model[39;00m [38;5;28;01mimport[39;00m adrExternalRomToolsQoiModel
[1;32m      5[0m myFom [38;5;241m=[39m adrExternalRomToolsQoiModel()
[1;32m      7[0m [38;5;66;03m# Now, let's setup our parameter space. We will use the parameter space we constructed in the parameter_space[39;00m

[0;31mModuleNotFoundError[0m: No module named 'ipynb'

